"lift-rfile"
"Time Step" "lift etc.."
("Time Step" "lift(cylinder)" "flow-time")
0 0 0
1 0.005666439641736907 0.0001
2 -0.0011420588234289 0.0002
3 -0.0001178087844638058 0.0003
4 0.0001318215725718505 0.0004
5 0.0001528565982856599 0.0005
6 0.000121555986918956 0.0006000000000000001
7 9.664201568103861e-05 0.0007
8 8.362202892573264e-05 0.0008
9 7.651671925248577e-05 0.0009000000000000001
10 6.097119051984072e-05 0.001
11 6.10421681799322e-05 0.0011
12 6.768824763185337e-05 0.0012
13 7.988066823186569e-05 0.0013
14 7.230320334237116e-05 0.0014
15 6.545681047074258e-05 0.0015
16 5.863428073991145e-05 0.0016
17 5.683265636895118e-05 0.0017
18 5.703658428441941e-05 0.0018
19 6.062959559724111e-05 0.0019
20 4.801353611954387e-05 0.002
21 4.834993008621606e-05 0.0021
22 5.318618638746157e-05 0.0022
23 5.491156753417282e-05 0.0023
24 5.817782667660999e-05 0.0024
25 6.780741821165947e-05 0.0025
26 7.96168992832727e-05 0.0026
27 9.928672239396427e-05 0.0027
28 0.0001128974273140755 0.0028
29 0.0001231219225384627 0.0029
30 0.0001393658777372728 0.003
31 0.0001513007012251641 0.0031
32 0.0001599499088714964 0.0032
33 0.0001653080226754543 0.0033
34 0.000170553520983812 0.0034
35 0.0001804425364170739 0.0035
36 0.0001885841797856064 0.0036
37 0.0001980745070793416 0.0037
38 0.0002071179241603156 0.0038
39 0.0002141444092342127 0.0039
40 0.0002297784404647735 0.004
41 0.0002455858488251841 0.0041
42 0.0002594794469445538 0.004200000000000001
43 0.0002704303220273138 0.0043
44 0.000295108491269319 0.0044
45 0.0003159606624337598 0.004500000000000001
46 0.000332346524654183 0.0046
47 0.0003496216265818049 0.0047
48 0.0003601993312715614 0.0048
49 0.0003654770149648331 0.0049
50 0.0003780340881022301 0.005
51 0.0003833348094947636 0.0051
52 0.0003909321083255004 0.005200000000000001
53 0.0004031669270064888 0.0053
54 0.0004144657251741887 0.0054
55 0.0004219962229877534 0.005500000000000001
56 0.0004281627010964856 0.0056
57 0.0004364577905954435 0.0057
58 0.0004374151392912955 0.0058
59 0.0004292711692393045 0.0059
60 0.0004316976432910964 0.006
61 0.0004491833418282205 0.0061
62 0.0004765035203106944 0.006200000000000001
63 0.0005286638185874367 0.0063
64 0.0005652682950763818 0.0064
65 0.0005974978949178481 0.006500000000000001
66 0.0005982791783310049 0.0066
67 0.0005802692820322374 0.0067
68 0.0005693804502267429 0.0068
69 0.0005628332384984268 0.006900000000000001
70 0.0005628385253262528 0.007
71 0.0005644034837991768 0.0071
72 0.000560619597491078 0.007200000000000001
73 0.0005474301944481405 0.0073
74 0.000539733866318279 0.0074
75 0.000525172570001994 0.007500000000000001
76 0.0005211706643695301 0.0076
77 0.0005417842650625853 0.0077
78 0.0005732182579422993 0.007800000000000001
79 0.0005923639170478766 0.007900000000000001
80 0.0005977502717907846 0.008
81 0.0005212012217046773 0.0081
82 0.0004716188822956497 0.008200000000000001
83 0.0004305356227059876 0.0083
84 0.0003837799214916251 0.008400000000000001
85 0.000349359886387033 0.008500000000000001
86 0.0003490199147733182 0.0086
87 0.000311762546220568 0.008700000000000001
88 0.0002574936834219442 0.008800000000000001
89 0.0001822645358709922 0.0089
90 0.0001081590807211988 0.009000000000000001
91 2.797104336514923e-05 0.0091
92 -8.92315333796734e-05 0.0092
93 -0.0001726781562991045 0.009300000000000001
94 -0.000111610111799759 0.0094
95 -4.808269359316882e-05 0.0095
96 -3.142661170224588e-05 0.009600000000000001
97 -2.770516953922451e-05 0.0097
98 9.097278061918137e-05 0.0098
99 0.0002729111803459504 0.009900000000000001
100 0.000364930957560722 0.01
101 0.0004285766558520222 0.0101
102 0.0005078860077273622 0.0102
103 0.0005559232425567442 0.0103
104 0.0004561866530954552 0.0104
105 0.0003390046928971038 0.0105
106 0.000157258489995299 0.0106
107 1.489855367258982e-05 0.0107
108 -1.718294008326455e-05 0.0108
109 0.0001010497119436836 0.0109
110 0.0003413846104046668 0.011
111 0.0004156398773784016 0.0111
112 0.0002699055452648632 0.0112
113 0.0001555473025947252 0.0113
114 0.0001134817363419666 0.0114
115 4.517961973371062e-05 0.0115
116 4.814446673923041e-05 0.0116
117 6.352491401602759e-05 0.0117
118 -0.0001287216204152651 0.0118
119 -0.0003204680837048635 0.0119
120 -0.0005521075858538904 0.012
121 -0.0008387062562544119 0.0121
122 -0.0009764091369545505 0.0122
123 -0.001020317271418561 0.0123
124 -0.001024139355839233 0.0124
125 -0.0009622680387930336 0.0125
126 -0.0009322782659657835 0.0126
127 -0.001103202497004885 0.0127
128 -0.00135494790120209 0.0128
129 -0.001572668616712646 0.0129
130 -0.00169659867141412 0.013
131 -0.001584664925636681 0.0131
132 -0.001609126898880807 0.0132
133 -0.001828670738989476 0.0133
134 -0.002198021284011693 0.0134
135 -0.002356577130888995 0.0135
136 -0.002393820533217259 0.0136
137 -0.002670389826046129 0.0137
138 -0.002659523471484377 0.0138
139 -0.002692690741981237 0.0139
140 -0.002647789576299606 0.014
141 -0.002501099735156105 0.0141
142 -0.00241858600607357 0.0142
143 -0.002482528947391378 0.0143
144 -0.002786644861203676 0.0144
145 -0.002945530092671229 0.0145
146 -0.002867334263796201 0.0146
147 -0.002806092477586389 0.0147
148 -0.002716125224592496 0.0148
149 -0.002783053322184942 0.0149
150 -0.002936914387163298 0.015
151 -0.003099364608085678 0.0151
152 -0.003126940790143184 0.0152
153 -0.003106769766174165 0.0153
154 -0.003107271910037508 0.0154
155 -0.003068507271277892 0.0155
156 -0.002986791235379511 0.0156
157 -0.003024738988632356 0.0157
158 -0.003103793255498124 0.0158
159 -0.003281622088438426 0.0159
160 -0.003468908952808457 0.016
161 -0.003521433491506063 0.0161
162 -0.003495787820159701 0.0162
163 -0.003535824862443737 0.0163
164 -0.003628319349588818 0.0164
165 -0.003649060781822039 0.0165
166 -0.00368590807217564 0.0166
167 -0.003744637313719944 0.0167
168 -0.003869856430013498 0.0168
169 -0.004067313030161949 0.0169
170 -0.004293722680581988 0.017
171 -0.004482416129744517 0.0171
172 -0.00462926880022419 0.0172
173 -0.004852223404065028 0.0173
174 -0.005053377264445122 0.0174
175 -0.005263110563529273 0.0175
176 -0.005476702266112031 0.0176
177 -0.005638716592222356 0.0177
178 -0.005962111781278414 0.0178
179 -0.006293122638916081 0.0179
180 -0.006536527159597526 0.018
181 -0.006640906282357506 0.0181
182 -0.006697219683409159 0.0182
183 -0.006712985079675863 0.0183
184 -0.006759665563532549 0.0184
185 -0.006852947504402319 0.0185
186 -0.007084004304671951 0.0186
187 -0.007389512632216695 0.0187
188 -0.007713762312859747 0.0188
189 -0.007992379495925257 0.0189
190 -0.008340700135752194 0.019
191 -0.008722992559949254 0.0191
192 -0.009043996101782113 0.0192
193 -0.009266111662891952 0.0193
194 -0.009487274204216165 0.0194
195 -0.009667103698115787 0.0195
196 -0.009923545294965022 0.0196
197 -0.01013754151901501 0.0197
198 -0.01031564948257027 0.0198
199 -0.0105323865338882 0.0199
200 -0.01085720299484506 0.02
201 -0.01119771273246515 0.0201
202 -0.01153468803437421 0.0202
203 -0.01176531922381827 0.0203
204 -0.01196458595289514 0.0204
205 -0.0122091804237028 0.0205
206 -0.01234637721467373 0.0206
207 -0.01254843139993146 0.0207
208 -0.01285920757900262 0.0208
209 -0.01307693644274543 0.0209
210 -0.01322972526596581 0.021
211 -0.01334311526879891 0.0211
212 -0.01345808301242351 0.0212
213 -0.01373655865738634 0.0213
214 -0.01397078728742519 0.0214
215 -0.01420930908531522 0.0215
216 -0.01439049120944406 0.0216
217 -0.01455459548556359 0.0217
218 -0.01466234435232539 0.0218
219 -0.01470790944509041 0.0219
220 -0.01481072421297664 0.022
221 -0.01488478648177416 0.0221
222 -0.01490739449887607 0.0222
223 -0.01498365626290341 0.0223
224 -0.01501663715203068 0.0224
225 -0.01513149809899124 0.0225
226 -0.01528964023419453 0.0226
227 -0.01546786298733462 0.0227
228 -0.01562854557652888 0.0228
229 -0.01578519780508024 0.0229
230 -0.01589709886899746 0.023
231 -0.01598599802859131 0.0231
232 -0.0160791126727078 0.0232
233 -0.01618996836600246 0.0233
234 -0.01628154351402009 0.0234
235 -0.01636030755638452 0.0235
236 -0.01643564106779889 0.0236
237 -0.01650351069850854 0.0237
238 -0.01655158214663679 0.0238
239 -0.01658536658078708 0.0239
240 -0.01661882267258419 0.024
241 -0.01665473732901172 0.0241
242 -0.01669874897939606 0.0242
243 -0.01671359272233707 0.0243
244 -0.01677171377967922 0.0244
245 -0.01680435804583501 0.0245
246 -0.01685536586613335 0.0246
247 -0.01692707118962423 0.0247
248 -0.01699878844090945 0.0248
249 -0.01702554594425234 0.0249
250 -0.01701492810020239 0.025
251 -0.01700601762130815 0.0251
252 -0.01700350338488813 0.0252
253 -0.01697951689482564 0.0253
254 -0.01695860708554721 0.0254
255 -0.01694483091955607 0.0255
256 -0.01699276556978079 0.0256
257 -0.01705659740867742 0.0257
258 -0.01711823296833988 0.0258
259 -0.0171790095550845 0.0259
260 -0.01726134574944024 0.026
261 -0.01730299432603243 0.0261
262 -0.01733289375438078 0.0262
263 -0.01736634232549608 0.0263
264 -0.01741495085153033 0.0264
265 -0.01747981645735197 0.0265
266 -0.01756553801262993 0.0266
267 -0.01767936382229654 0.0267
268 -0.01779875292568571 0.0268
269 -0.01789669067988607 0.0269
270 -0.01799678470289428 0.027
271 -0.01813383854024773 0.0271
272 -0.01829283009353529 0.0272
273 -0.0184429871507423 0.0273
274 -0.01857816505489691 0.0274
275 -0.01868582906329173 0.0275
276 -0.01878222351041484 0.0276
277 -0.01888935192824254 0.0277
278 -0.01901059800509369 0.0278
279 -0.01914297216313594 0.0279
280 -0.01929628800275782 0.028
281 -0.01944635532268743 0.0281
282 -0.0195708707823647 0.0282
283 -0.01968488150310298 0.0283
284 -0.01980827947151154 0.0284
285 -0.01993119285039552 0.0285
286 -0.02005230708711056 0.0286
287 -0.02016879224405958 0.0287
288 -0.02028815169604872 0.0288
289 -0.0204241397043383 0.0289
290 -0.02056381004666953 0.029
291 -0.02068838479173987 0.0291
292 -0.02076105778037975 0.0292
293 -0.02083289369425531 0.0293
294 -0.02092860098329151 0.0294
295 -0.02102715546402487 0.0295
296 -0.02115575313049062 0.0296
297 -0.02129039403019196 0.0297
298 -0.02143428333587309 0.0298
299 -0.02158970664743036 0.0299
300 -0.02174077552754732 0.03
301 -0.02188715504861006 0.0301
302 -0.02203563782529095 0.0302
303 -0.02218073084468589 0.0303
304 -0.02231814982652011 0.0304
305 -0.02244917056431023 0.0305
306 -0.02258488187905535 0.0306
307 -0.02272236645002301 0.0307
308 -0.02286989147217877 0.0308
309 -0.02301057807512664 0.0309
310 -0.02314819327025419 0.031
311 -0.02329526534529948 0.0311
312 -0.02342497712723318 0.0312
313 -0.0235598509641068 0.0313
314 -0.02369782794971705 0.0314
315 -0.02383688328238522 0.0315
316 -0.0239624080613625 0.0316
317 -0.02408710829846213 0.0317
318 -0.02421413928660408 0.0318
319 -0.02434139863893977 0.0319
320 -0.02444681191254074 0.032
321 -0.02454393558958174 0.0321
322 -0.02465026238686488 0.0322
323 -0.02475910066422324 0.0323
324 -0.02487095373194723 0.0324
325 -0.0249698854333878 0.0325
326 -0.02508187750602674 0.0326
327 -0.02520392745203897 0.0327
328 -0.02532038326982622 0.0328
329 -0.02543745347577056 0.0329
330 -0.02557218659613682 0.033
331 -0.02570327787802779 0.0331
332 -0.02583104193179307 0.0332
333 -0.02594868583561071 0.0333
334 -0.02605291377921141 0.0334
335 -0.02614184101904888 0.0335
336 -0.02623351412346168 0.0336
337 -0.02633178187054705 0.0337
338 -0.0264315839744961 0.0338
339 -0.02652462841486615 0.0339
340 -0.02659649584945178 0.034
341 -0.02667398706637688 0.0341
342 -0.02675269094103331 0.0342
343 -0.02682599938185759 0.0343
344 -0.02689878604396291 0.0344
345 -0.02697420294987815 0.0345
346 -0.02704964797621587 0.0346
347 -0.02712332309133673 0.0347
348 -0.02719978840416482 0.0348
349 -0.02727135328784824 0.0349
350 -0.02734328888575249 0.035
351 -0.02741625925888945 0.0351
352 -0.02749045904046405 0.0352
353 -0.02757050396340517 0.0353
354 -0.02763927934060147 0.0354
355 -0.0276949242500189 0.0355
356 -0.02774346337130479 0.0356
357 -0.0278016376927797 0.0357
358 -0.02784557097242473 0.0358
359 -0.0278919575219854 0.0359
360 -0.02793581336340711 0.036
361 -0.02798699253809199 0.0361
362 -0.02804087319746332 0.0362
363 -0.02810188467835507 0.0363
364 -0.02816447713816797 0.0364
365 -0.02822065684394773 0.0365
366 -0.02827643559432128 0.0366
367 -0.02833431171961812 0.0367
368 -0.02839288849511588 0.0368
369 -0.02844812271603359 0.0369
370 -0.02850321653242337 0.03700000000000001
371 -0.02855362739352055 0.0371
372 -0.02859771490346909 0.0372
373 -0.0286352602181271 0.0373
374 -0.02867575694399789 0.0374
375 -0.02872832953547191 0.0375
376 -0.02877194952274063 0.0376
377 -0.02880679655592098 0.0377
378 -0.02884093508410583 0.0378
379 -0.0288751168496005 0.0379
380 -0.02891307702448892 0.038
381 -0.02894367295653178 0.0381
382 -0.02897672170606511 0.0382
383 -0.02900483222146262 0.0383
384 -0.02903795675606178 0.0384
385 -0.02907573956091238 0.0385
386 -0.02910496798617763 0.0386
387 -0.02912184731624008 0.03870000000000001
388 -0.0291413892307553 0.0388
389 -0.02916775821447926 0.0389
390 -0.0292137342163067 0.039
391 -0.02926459651294483 0.0391
392 -0.02931405134907177 0.0392
393 -0.0293551105971188 0.0393
394 -0.02938568599733178 0.0394
395 -0.02941406649150412 0.0395
396 -0.02944371808093821 0.0396
397 -0.02947372707947795 0.0397
398 -0.02950647007505659 0.0398
399 -0.02953653834036208 0.0399
400 -0.02957069057413445 0.04
401 -0.02958176618143934 0.0401
402 -0.02958949718887956 0.0402
403 -0.02961065367809958 0.0403
404 -0.02963119682233062 0.04040000000000001
405 -0.02965476692453142 0.0405
406 -0.02967731181107298 0.0406
407 -0.02970523411925301 0.0407
408 -0.02972897104897681 0.0408
409 -0.02975238433643172 0.0409
410 -0.02978232033430979 0.041
411 -0.0298197371811656 0.0411
412 -0.02985632932233743 0.0412
413 -0.02989689494599503 0.0413
414 -0.02993469870828969 0.0414
415 -0.02996828468448127 0.0415
416 -0.03000189054436281 0.04160000000000001
417 -0.03002985538618795 0.0417
418 -0.03004775318613603 0.0418
419 -0.03006540486706711 0.0419
420 -0.03008587338853393 0.042
421 -0.03010509751743917 0.04210000000000001
422 -0.03012598916600515 0.0422
423 -0.0301446394291078 0.0423
424 -0.03016455963175466 0.0424
425 -0.03018930015064692 0.0425
426 -0.03021424392910739 0.0426
427 -0.03023165680955385 0.0427
428 -0.03025944072871017 0.0428
429 -0.03028635452266181 0.0429
430 -0.03031110334475925 0.043
431 -0.0303357013156578 0.0431
432 -0.03035845635534089 0.0432
433 -0.03039725256528367 0.04330000000000001
434 -0.0304458207060189 0.0434
435 -0.03049094608575675 0.0435
436 -0.03052486400482926 0.0436
437 -0.03056114240576361 0.0437
438 -0.03060009223580268 0.0438
439 -0.03063980536220997 0.0439
440 -0.03067594075588001 0.044
441 -0.03071077717636325 0.0441
442 -0.03074639498196563 0.0442
443 -0.03078393584826118 0.0443
444 -0.03082122347516413 0.0444
445 -0.03085070556774282 0.0445
446 -0.03087878511487781 0.0446
447 -0.0309105171982162 0.0447
448 -0.03094604394375068 0.0448
449 -0.03098758416944371 0.0449
450 -0.03102965239632385 0.04500000000000001
451 -0.03106719920728091 0.0451
452 -0.03110284665810308 0.0452
453 -0.03113706275286751 0.0453
454 -0.03116818934049864 0.0454
455 -0.03119430109855213 0.0455
456 -0.03122854925204695 0.0456
457 -0.03126994613521988 0.0457
458 -0.03130988389430558 0.0458
459 -0.03134344773109909 0.0459
460 -0.03137633228451357 0.046
461 -0.03141098266598485 0.0461
462 -0.03144296722811968 0.0462
463 -0.03147037093779493 0.0463
464 -0.03149493507283939 0.0464
465 -0.03151783091610908 0.0465
466 -0.03153853555005099 0.0466
467 -0.03154993657513526 0.04670000000000001
468 -0.03156153681003789 0.0468
469 -0.03156749411212516 0.0469
470 -0.03156842089090833 0.047
471 -0.03157511915190547 0.0471
472 -0.03158280197490487 0.0472
473 -0.0315920960909871 0.0473
474 -0.03160372686709281 0.0474
475 -0.03162235118020854 0.0475
476 -0.031639628851169 0.0476
477 -0.03165222193632266 0.0477
478 -0.03166194023943766 0.0478
479 -0.03167119799163394 0.04790000000000001
480 -0.03167280605408831 0.048
481 -0.03167028560183391 0.0481
482 -0.03166627560166117 0.0482
483 -0.03166649969805072 0.0483
484 -0.03167012181904928 0.04840000000000001
485 -0.0316639987854568 0.0485
486 -0.03164956636649108 0.0486
487 -0.03163706787612988 0.0487
488 -0.03162337780063222 0.0488
489 -0.03160670853796494 0.0489
490 -0.03158386886635366 0.049
491 -0.03155674128439705 0.0491
492 -0.03152882113041234 0.0492
493 -0.0315015353792814 0.0493
494 -0.03147490404169052 0.0494
495 -0.03144649944834067 0.0495
496 -0.03141382911215403 0.04960000000000001
497 -0.03137916352813978 0.0497
498 -0.03134375194474342 0.0498
499 -0.03130670827994382 0.0499
500 -0.03127041004346543 0.05
501 -0.03123616688794911 0.05010000000000001
502 -0.0311978865100385 0.0502
503 -0.03115659620832448 0.0503
504 -0.03111123674465778 0.0504
505 -0.03105909645095336 0.0505
506 -0.03099843189399061 0.0506
507 -0.03093502273873377 0.0507
508 -0.03086783702417357 0.0508
509 -0.03079228590073949 0.0509
510 -0.03071638905821259 0.051
511 -0.0306387545071698 0.0511
512 -0.03056163370691542 0.0512
513 -0.03048359439410851 0.05130000000000001
514 -0.03040303047334372 0.0514
515 -0.03032085054944447 0.0515
516 -0.03023373950664578 0.0516
517 -0.03014250952218589 0.0517
518 -0.03004649728719524 0.05180000000000001
519 -0.02995020669450003 0.0519
520 -0.02984988498198867 0.052
521 -0.02974545773535893 0.0521
522 -0.02963879355907077 0.0522
523 -0.0295319763429464 0.0523
524 -0.02941812831460927 0.0524
525 -0.02930122007440442 0.0525
526 -0.02917972244470565 0.0526
527 -0.02905630791804418 0.0527
528 -0.02892933846649564 0.0528
529 -0.02880268801929235 0.0529
530 -0.02866830218848891 0.05300000000000001
531 -0.02852457906677323 0.0531
532 -0.02837995112354111 0.0532
533 -0.02823297290022285 0.0533
534 -0.02808144974753376 0.0534
535 -0.0279224747705884 0.05350000000000001
536 -0.02776399639188493 0.0536
537 -0.02760419876350062 0.0537
538 -0.0274433514350145 0.0538
539 -0.02727664021150461 0.0539
540 -0.02710759459271782 0.054
541 -0.0269382936303092 0.0541
542 -0.02676359841038535 0.05420000000000001
543 -0.02659195403358328 0.0543
544 -0.02641718102312314 0.0544
545 -0.02623961415275894 0.0545
546 -0.0260561605524221 0.0546
547 -0.02586946308536433 0.05470000000000001
548 -0.02568295376622236 0.0548
549 -0.02549588391527094 0.0549
550 -0.02530748827815446 0.055
551 -0.02511682768405707 0.0551
552 -0.02492342516910024 0.05520000000000001
553 -0.02472681410106381 0.0553
554 -0.02452597352449402 0.0554
555 -0.02432616522002582 0.0555
556 -0.02412520022011671 0.0556
557 -0.02391982601402994 0.0557
558 -0.02370910544805834 0.0558
559 -0.02348995537921307 0.05590000000000001
560 -0.02326966147834179 0.056
561 -0.02304682744775243 0.0561
562 -0.0228179720181536 0.0562
563 -0.02258634627718908 0.0563
564 -0.02234970404870945 0.05640000000000001
565 -0.02211369101172339 0.0565
566 -0.02188267584217536 0.0566
567 -0.02165174218151298 0.0567
568 -0.02141637543035549 0.0568
569 -0.02117697465900566 0.05690000000000001
570 -0.0209346660838803 0.057
571 -0.02068934132577684 0.0571
572 -0.02044329874344407 0.0572
573 -0.02019511917777163 0.0573
574 -0.01994407886455304 0.0574
575 -0.01969313748950693 0.0575
576 -0.01944232530701255 0.05760000000000001
577 -0.01919119560806599 0.0577
578 -0.01893712290635476 0.0578
579 -0.01867825116108954 0.0579
580 -0.01841272009520616 0.058
581 -0.01814392339012846 0.05810000000000001
582 -0.0178755335254622 0.0582
583 -0.01760571940763303 0.0583
584 -0.0173333125655695 0.0584
585 -0.01706063000857769 0.0585
586 -0.0167869903036545 0.05860000000000001
587 -0.01651117485949093 0.0587
588 -0.01623327954105255 0.05880000000000001
589 -0.01595292167678835 0.0589
590 -0.01567055721646396 0.059
591 -0.01538648494880156 0.0591
592 -0.01510198045475373 0.0592
593 -0.01481663541588791 0.05930000000000001
594 -0.01452924242652582 0.0594
595 -0.01423872889696324 0.0595
596 -0.0139390971577952 0.0596
597 -0.01363857236707664 0.0597
598 -0.01333481177198653 0.05980000000000001
599 -0.01303415196824905 0.0599
600 -0.01272695589169102 0.06
601 -0.01241793192408342 0.0601
602 -0.01210972830280898 0.0602
603 -0.01179940442380636 0.0603
604 -0.01148586153972444 0.0604
605 -0.01116998744342987 0.06050000000000001
606 -0.01085141000175243 0.0606
607 -0.01053351990270474 0.0607
608 -0.01021103844384089 0.0608
609 -0.009887942775800056 0.0609
610 -0.009563757021109461 0.06100000000000001
611 -0.009239310709612748 0.0611
612 -0.008916219458222067 0.0612
613 -0.008589522718675349 0.0613
614 -0.008260030466862293 0.0614
615 -0.007927268162971795 0.06150000000000001
616 -0.007591755422425807 0.0616
617 -0.007253245602278129 0.0617
618 -0.006913440321074186 0.0618
619 -0.006574075936636886 0.0619
620 -0.006230099275613392 0.062
621 -0.005885212181333189 0.0621
622 -0.005538552105058179 0.06220000000000001
623 -0.005190905251672822 0.0623
624 -0.004841727539504804 0.0624
625 -0.004488235522322402 0.0625
626 -0.004130537790993552 0.0626
627 -0.003770379751388 0.06270000000000001
628 -0.003409218948476458 0.06280000000000001
629 -0.003045909748750615 0.0629
630 -0.002679647802507826 0.063
631 -0.002311355891741747 0.0631
632 -0.001941590351462855 0.06320000000000001
633 -0.001572666247270349 0.06330000000000001
634 -0.001195236011414247 0.0634
635 -0.0008132998021844274 0.0635
636 -0.0004275412522120473 0.0636
637 -3.759659494826642e-05 0.06370000000000001
638 0.0003540289713198339 0.06380000000000001
639 0.0007492565702183686 0.0639
640 0.001140662239005438 0.064
641 0.001532651708832443 0.0641
642 0.001925836103515989 0.06420000000000001
643 0.002325858790356075 0.06430000000000001
644 0.002728273942803157 0.0644
645 0.003131376952847821 0.0645
646 0.003537588247447061 0.0646
647 0.00394747700692525 0.06470000000000001
648 0.004360303379141019 0.0648
649 0.004776330562904302 0.0649
650 0.005195800530826362 0.065
651 0.005616691823007306 0.06510000000000001
652 0.006040804206535629 0.06520000000000001
653 0.006467898465156673 0.0653
654 0.006897211681682782 0.0654
655 0.007330472120357899 0.0655
656 0.007770044288798098 0.06560000000000001
657 0.0082127321336086 0.06570000000000001
658 0.008660033686824265 0.0658
659 0.009108400961815418 0.0659
660 0.009557720598196397 0.066
661 0.01001039583047793 0.06610000000000001
662 0.01046598430233398 0.06620000000000001
663 0.01092539585847166 0.0663
664 0.01138607659397981 0.0664
665 0.01184650993051185 0.0665
666 0.01230868736959723 0.06660000000000001
667 0.01277475680988895 0.06670000000000001
668 0.01324509464863272 0.0668
669 0.01372019986425515 0.0669
670 0.01419813457146046 0.067
671 0.01467865545074935 0.06710000000000001
672 0.01516069897888986 0.06720000000000001
673 0.01564786614264073 0.0673
674 0.01614391117587196 0.0674
675 0.01664254129294871 0.0675
676 0.01714499986322577 0.06760000000000001
677 0.01764859086931165 0.06770000000000001
678 0.01815547418833653 0.0678
679 0.01866319933000685 0.0679
680 0.01917433993305505 0.068
681 0.01968903192822618 0.06810000000000001
682 0.02020603223288987 0.0682
683 0.0207261666845854 0.0683
684 0.02124731211316953 0.0684
685 0.02177195884355549 0.06850000000000001
686 0.02229916197076214 0.06860000000000001
687 0.02282916907313602 0.0687
688 0.02336259574143498 0.0688
689 0.02390195296056295 0.0689
690 0.02444498368872757 0.06900000000000001
691 0.02499236632855672 0.06910000000000001
692 0.02554184569632848 0.0692
693 0.0260927310493283 0.0693
694 0.02664677117684805 0.0694
695 0.02720276582154738 0.06950000000000001
696 0.0277595594180921 0.06960000000000001
697 0.02831940456978828 0.0697
698 0.02888153561950397 0.0698
699 0.02944669852371931 0.0699
700 0.03001422045698535 0.07000000000000001
701 0.03058537725532048 0.07010000000000001
702 0.03115934069115391 0.0702
703 0.03173654684651659 0.0703
704 0.03231436051547044 0.0704
705 0.03289361357843486 0.07050000000000001
706 0.03347459662124455 0.07060000000000001
707 0.0340589934688313 0.0707
708 0.03464898621574088 0.0708
709 0.03524350937413448 0.0709
710 0.03583931159246523 0.07100000000000001
711 0.03643633760146825 0.0711
712 0.03703469642475577 0.0712
713 0.03763551616445563 0.0713
714 0.03823741682702252 0.07140000000000001
715 0.03883941657405971 0.07150000000000001
716 0.03944519090741425 0.0716
717 0.04005540595872784 0.0717
718 0.04066833660019122 0.0718
719 0.0412828365289807 0.07190000000000001
720 0.04189678007605559 0.07200000000000001
721 0.04251331794271349 0.0721
722 0.04313057157357945 0.0722
723 0.0437476053834022 0.0723
724 0.04436610492573685 0.07240000000000001
725 0.04498741515526592 0.07250000000000001
726 0.04561318259758593 0.0726
727 0.04624118413156873 0.0727
728 0.04687033793316923 0.0728
729 0.04750051561976551 0.07290000000000001
730 0.04813117554201857 0.07300000000000001
731 0.04876268103857827 0.0731
732 0.04939598034509918 0.0732
733 0.05003054752121632 0.0733
734 0.05066907407179416 0.07340000000000001
735 0.0513095662759885 0.07350000000000001
736 0.05194888879052489 0.0736
737 0.05258783636643282 0.0737
738 0.05322802562899638 0.0738
739 0.05386773291453913 0.07390000000000001
740 0.05450711021090841 0.07400000000000001
741 0.05514603302742798 0.0741
742 0.05578446316367429 0.0742
743 0.05642360050687376 0.0743
744 0.0570649940961335 0.07440000000000001
745 0.0577076623249159 0.0745
746 0.05835152686862337 0.0746
747 0.05899676177428006 0.0747
748 0.0596434391262252 0.07480000000000001
749 0.0602902709152251 0.07490000000000001
750 0.06093814639240746 0.075
751 0.06158606194612287 0.0751
752 0.0622335805215854 0.0752
753 0.06288061040810258 0.07530000000000001
754 0.06352904045541129 0.07540000000000001
755 0.06417798188120576 0.0755
756 0.06482795261488995 0.0756
757 0.0654764339921543 0.0757
758 0.06612754064518875 0.07580000000000001
759 0.06678324183671459 0.07590000000000001
760 0.06743837990750245 0.076
761 0.06809302829400757 0.0761
762 0.06874629804653716 0.0762
763 0.06939942320189962 0.07630000000000001
764 0.07005398649891265 0.07640000000000001
765 0.07070844996220318 0.0765
766 0.07136260370199456 0.0766
767 0.07201573260847817 0.0767
768 0.07266832106733029 0.07680000000000001
769 0.07332028144545681 0.07690000000000001
770 0.07397241115223169 0.077
771 0.07462404238765133 0.0771
772 0.0752733232484013 0.0772
773 0.07592191798578245 0.07730000000000001
774 0.07656777944357815 0.07740000000000001
775 0.07721400638359682 0.0775
776 0.0778665165681221 0.0776
777 0.07851814000112012 0.07770000000000001
778 0.07916725677591077 0.07780000000000001
779 0.07981552494993055 0.0779
780 0.08046273440921151 0.078
781 0.08110843335236212 0.0781
782 0.08175454871350255 0.07820000000000001
783 0.08240120365936882 0.07830000000000001
784 0.08304667875452632 0.0784
785 0.08369677974312252 0.0785
786 0.08434932256463375 0.0786
787 0.08500019205267678 0.07870000000000001
788 0.08564964892215882 0.07880000000000001
789 0.08629754231181654 0.0789
790 0.08694620357482877 0.079
791 0.08759334215626743 0.0791
792 0.08824005014386933 0.07920000000000001
793 0.08888565168220182 0.07930000000000001
794 0.08952896172322831 0.0794
795 0.09017055610490311 0.0795
796 0.09081175718534185 0.0796
797 0.09145339180854903 0.07970000000000001
798 0.09209530435767702 0.07980000000000001
799 0.09273725906802724 0.0799
800 0.09337715141895583 0.08
801 0.09401528281759036 0.0801
802 0.09465108944163829 0.08020000000000001
803 0.09528658866413633 0.08030000000000001
804 0.0959212212180791 0.0804
805 0.09655669931498613 0.0805
806 0.09719201737709293 0.0806
807 0.09782618153683929 0.08070000000000001
808 0.09845969016798596 0.08080000000000001
809 0.09909223729042185 0.0809
810 0.09972437185770529 0.081
811 0.1003549065829969 0.08110000000000001
812 0.1009842148913693 0.08120000000000001
813 0.1016120897246565 0.0813
814 0.1022390361671743 0.0814
815 0.1028656231049483 0.0815
816 0.1034921567510185 0.08160000000000001
817 0.1041184381555941 0.08170000000000001
818 0.1047449671685513 0.0818
819 0.1053698329012894 0.0819
820 0.1059933476415597 0.082
821 0.1066175760298888 0.08210000000000001
822 0.107241043977848 0.08220000000000001
823 0.1078621067832693 0.0823
824 0.1084807990509476 0.0824
825 0.1090990261481126 0.0825
826 0.109715662806799 0.08260000000000001
827 0.1103321076861672 0.08270000000000001
828 0.1109457334311257 0.0828
829 0.1115564858848817 0.0829
830 0.112167627640373 0.083
831 0.112780013208703 0.08310000000000001
832 0.113391030548818 0.08320000000000001
833 0.1140001950305786 0.0833
834 0.1146075675941112 0.0834
835 0.1152149540387862 0.0835
836 0.1158213116279491 0.08360000000000001
837 0.1164267200891338 0.08370000000000001
838 0.1170305112312296 0.0838
839 0.1176334294287942 0.0839
840 0.1182352397723476 0.08400000000000001
841 0.1188353595643655 0.08410000000000001
842 0.1194326782328899 0.08420000000000001
843 0.1200276585588476 0.0843
844 0.1206214638488126 0.0844
845 0.121214100990573 0.08450000000000001
846 0.1218062321859032 0.08460000000000001
847 0.1223965355991839 0.0847
848 0.1229853221844752 0.0848
849 0.1235739370201379 0.0849
850 0.1241610231730801 0.08500000000000001
851 0.1247465087919846 0.08510000000000001
852 0.125329380480262 0.0852
853 0.1259086201022249 0.0853
854 0.1264876654834893 0.0854
855 0.1270651683017166 0.08550000000000001
856 0.1276400483786674 0.08560000000000001
857 0.128212918607527 0.0857
858 0.1287833718672381 0.0858
859 0.1293535832348916 0.0859
860 0.129922382837825 0.08600000000000001
861 0.1304888194993923 0.08610000000000001
862 0.1310544315048169 0.0862
863 0.1316186412864746 0.0863
864 0.1321808440246264 0.0864
865 0.1327417106094473 0.08650000000000001
866 0.1333008412415129 0.08660000000000001
867 0.1338585496376868 0.0867
868 0.1344138046899592 0.0868
869 0.1349668005554255 0.08690000000000001
870 0.1355175071391508 0.08700000000000001
871 0.136065875349042 0.08710000000000001
872 0.1366121737531474 0.0872
873 0.1371557906618229 0.0873
874 0.1376970065654677 0.08740000000000001
875 0.1382350075784058 0.08750000000000001
876 0.1387696682618443 0.0876
877 0.1392970139558378 0.0877
878 0.1398254062358474 0.0878
879 0.140353123177797 0.08790000000000001
880 0.1408778230706384 0.08800000000000001
881 0.1414010648846724 0.0881
882 0.1419222941394956 0.0882
883 0.1424408664225014 0.0883
884 0.1429562375844253 0.08840000000000001
885 0.1434677505153664 0.08850000000000001
886 0.1439758204165162 0.0886
887 0.1444804340138566 0.0887
888 0.1449828057766397 0.0888
889 0.1454831802435901 0.08890000000000001
890 0.1459803948524594 0.08900000000000001
891 0.1464744209115349 0.0891
892 0.1469655405656991 0.0892
893 0.1474532719236628 0.0893
894 0.14793841474245 0.08940000000000001
895 0.1484208126912654 0.08950000000000001
896 0.1488997894880981 0.0896
897 0.1493756644661224 0.0897
898 0.1498479221452163 0.0898
899 0.1503169877383932 0.08990000000000001
900 0.1507826362729949 0.09000000000000001
901 0.1512443351387993 0.0901
902 0.151703553974009 0.0902
903 0.1521595858405617 0.09030000000000001
904 0.1526142264286874 0.09040000000000001
905 0.1530649613933756 0.09050000000000001
906 0.1535102528810774 0.0906
907 0.1539497295892718 0.0907
908 0.1543830438049419 0.09080000000000001
909 0.1548137822286714 0.09090000000000001
910 0.1552434930869506 0.091
911 0.1556684547195478 0.0911
912 0.1560872846374292 0.0912
913 0.1565020942241626 0.09130000000000001
914 0.1569130870798193 0.09140000000000001
915 0.1573187108548049 0.0915
916 0.1577215725203066 0.0916
917 0.158121719549333 0.0917
918 0.158519299718555 0.09180000000000001
919 0.158913286331739 0.09190000000000001
920 0.1593016127541651 0.092
921 0.159684128854561 0.0921
922 0.1600619785684712 0.0922
923 0.1604354082697401 0.09230000000000001
924 0.1608045133411483 0.09240000000000001
925 0.1611690657595994 0.0925
926 0.1615278345135609 0.0926
927 0.1618813213368156 0.0927
928 0.1622298102327293 0.09280000000000001
929 0.1625733812677602 0.09290000000000001
930 0.1629138737955705 0.093
931 0.1632486320550054 0.0931
932 0.1635771792665407 0.09320000000000001
933 0.1639006956072499 0.09330000000000001
934 0.1642185008720515 0.09340000000000001
935 0.1645303981778455 0.0935
936 0.1648374114629595 0.0936
937 0.1651391367304874 0.09370000000000001
938 0.165435668638511 0.09380000000000001
939 0.1657273473403575 0.09390000000000001
940 0.1660108657171589 0.094
941 0.1662905304169197 0.0941
942 0.1665663835065763 0.09420000000000001
943 0.1668349736677683 0.09430000000000001
944 0.1670972529550475 0.0944
945 0.1673541935660302 0.0945
946 0.16760670452975 0.0946
947 0.1678535578851909 0.09470000000000001
948 0.1680960056147709 0.09480000000000001
949 0.1683319509503792 0.0949
950 0.1685618084564354 0.095
951 0.1687843192137935 0.0951
952 0.1689998176573037 0.09520000000000001
953 0.1692092415383972 0.09530000000000001
954 0.169412720480153 0.0954
955 0.1696124474480399 0.0955
956 0.1698060797126559 0.0956
957 0.1699929269705047 0.09570000000000001
958 0.1701734516631968 0.09580000000000001
959 0.1703471548217035 0.0959
960 0.1705126758092847 0.096
961 0.1706713896613767 0.0961
962 0.170824320793014 0.09620000000000001
963 0.1709707992198923 0.09630000000000001
964 0.1711113357113518 0.0964
965 0.1712453473416728 0.0965
966 0.1713729648863918 0.09660000000000001
967 0.171493856806071 0.09670000000000001
968 0.1716043036222133 0.09680000000000001
969 0.1717063212328935 0.0969
970 0.1718039246507528 0.097
971 0.1718926309761999 0.09710000000000001
972 0.1719753991566007 0.09720000000000001
973 0.1720527374261462 0.09730000000000001
974 0.1721230669308957 0.0974
975 0.1721861618243901 0.0975
976 0.1722423938602222 0.09760000000000001
977 0.1722911668428243 0.09770000000000001
978 0.1723341198330502 0.0978
979 0.1723699089617354 0.0979
980 0.1723978402359476 0.098
981 0.1724160964273709 0.09810000000000001
982 0.1724282952925334 0.09820000000000001
983 0.1724342226572739 0.0983
984 0.1724343021672949 0.0984
985 0.1724263878575811 0.0985
986 0.1724078017597916 0.09860000000000001
987 0.1723837287259797 0.09870000000000001
988 0.1723523728189796 0.0988
989 0.172314357595064 0.0989
990 0.1722681998405013 0.099
991 0.1722130753692491 0.09910000000000001
992 0.1721516815534325 0.09920000000000001
993 0.1720830484170916 0.0993
994 0.1720062038630049 0.0994
995 0.171921861660383 0.09950000000000001
996 0.1718303505637764 0.09960000000000001
997 0.1717318990474641 0.09970000000000001
998 0.1716262900978462 0.0998
999 0.1715119098403322 0.0999
1000 0.1713898982518569 0.1
1001 0.1712601406713086 0.1001
1002 0.1711229642638847 0.1002
1003 0.1709777299731636 0.1003
1004 0.1708239913869458 0.1004
1005 0.1706618826388281 0.1005
1006 0.1704903181875464 0.1006
1007 0.170311419375173 0.1007
1008 0.1701253137877941 0.1008
1009 0.1699308326277862 0.1009
1010 0.1697306907606983 0.101
1011 0.1695236532258852 0.1011
1012 0.1693077620348774 0.1012
1013 0.1690836755740526 0.1013
1014 0.1688523468721276 0.1014
1015 0.1686130707291625 0.1015
1016 0.1683651116290769 0.1016
1017 0.1681090299282347 0.1017
1018 0.1678450103008186 0.1018
1019 0.1675730295721578 0.1019
1020 0.167292763625296 0.102
1021 0.167004104660467 0.1021
1022 0.1667055815740004 0.1022
1023 0.1663982493785269 0.1023
1024 0.1660833217461191 0.1024
1025 0.1657607336629771 0.1025
1026 0.1654321535971036 0.1026
1027 0.1650960341091966 0.1027
1028 0.1647502030322743 0.1028
1029 0.1643965474439649 0.1029
1030 0.1640342098768288 0.103
1031 0.1636642157193149 0.1031
1032 0.1632865556555896 0.1032
1033 0.1629003802167548 0.1033
1034 0.1625056735732187 0.1034
1035 0.1621038182529789 0.1035
1036 0.1616929886638376 0.1036
1037 0.1612745357030297 0.1037
1038 0.160849035131046 0.1038
1039 0.1604150906444035 0.1039
1040 0.1599706558671232 0.104
1041 0.1595169658531131 0.1041
1042 0.1590549749681174 0.1042
1043 0.1585857996775134 0.1043
1044 0.1581103423852311 0.1044
1045 0.1576271931111983 0.1045
1046 0.1571358750580484 0.1046
1047 0.1566361579696832 0.1047
1048 0.1561267716480971 0.1048
1049 0.1556093604729062 0.1049
1050 0.1550838262505561 0.105
1051 0.1545501378708219 0.1051
1052 0.1540078657586241 0.1052
1053 0.1534590870469739 0.1053
1054 0.152902568005932 0.1054
1055 0.1523376563286447 0.1055
1056 0.1517642322234923 0.1056
1057 0.1511820758650813 0.1057
1058 0.1505915185436247 0.1058
1059 0.1499933217519054 0.1059
1060 0.1493867759711668 0.106
1061 0.1487710842812927 0.1061
1062 0.1481462810406194 0.1062
1063 0.1475128289794447 0.1063
1064 0.1468708221261645 0.1064
1065 0.1462202933784917 0.1065
1066 0.1455618195210245 0.1066
1067 0.1448945863265289 0.1067
1068 0.1442174928530835 0.1068
1069 0.1435318840119887 0.1069
1070 0.1428385310681139 0.107
1071 0.1421385170995113 0.1071
1072 0.1414293995577574 0.1072
1073 0.1407121088341314 0.1073
1074 0.1399887580335554 0.1074
1075 0.1392557652912345 0.1075
1076 0.1385123691983468 0.1076
1077 0.1377598779632672 0.1077
1078 0.1370018641285143 0.1078
1079 0.1362369402195478 0.1079
1080 0.1354635142173788 0.108
1081 0.1346819151006758 0.1081
1082 0.1338911638480554 0.1082
1083 0.133092504153146 0.1083
1084 0.1322858431457292 0.1084
1085 0.1314703950106722 0.1085
1086 0.1306461465232025 0.1086
1087 0.1298131852114121 0.1087
1088 0.1289719002993263 0.1088
1089 0.1281222790986997 0.1089
1090 0.1272643849105518 0.109
1091 0.1263966413584952 0.1091
1092 0.125520672923128 0.1092
1093 0.1246365235561104 0.1093
1094 0.1237442684958312 0.1094
1095 0.1228435873281257 0.1095
1096 0.1219350716282539 0.1096
1097 0.1210187712654708 0.1097
1098 0.1200933701862456 0.1098
1099 0.119159906050361 0.1099
1100 0.1182182535885013 0.11
1101 0.1172689331150935 0.1101
1102 0.1163113960794829 0.1102
1103 0.1153454498368073 0.1103
1104 0.1143711897257629 0.1104
1105 0.11338969994629 0.1105
1106 0.1124012946233809 0.1106
1107 0.1114043526969566 0.1107
1108 0.1103995201652599 0.1108
1109 0.109386384913621 0.1109
1110 0.1083638388294893 0.111
1111 0.1073331460582713 0.1111
1112 0.1062934226538557 0.1112
1113 0.1052438054299596 0.1113
1114 0.1041854259325488 0.1114
1115 0.1031180554805934 0.1115
1116 0.1020425028912367 0.1116
1117 0.1009601851381089 0.1117
1118 0.09987071010958073 0.1118
1119 0.0987724614106421 0.1119
1120 0.09766506656851728 0.112
1121 0.09654891868849798 0.1121
1122 0.09542454057983195 0.1122
1123 0.09429257653736239 0.1123
1124 0.09315240377040571 0.1124
1125 0.09200380471215192 0.1125
1126 0.09084683888930366 0.1126
1127 0.08968198954936138 0.1127
1128 0.08850900138788792 0.1128
1129 0.08732989337912654 0.1129
1130 0.08614312211267444 0.113
1131 0.08494800878871429 0.1131
1132 0.08374521330760899 0.1132
1133 0.08253458017006821 0.1133
1134 0.08131532138118577 0.1134
1135 0.08008654504251617 0.1135
1136 0.07884868184502747 0.1136
1137 0.07760309046366479 0.1137
1138 0.07635065485779141 0.1138
1139 0.07509047824774584 0.1139
1140 0.07382224381114534 0.114
1141 0.07254562657492342 0.1141
1142 0.0712615269206554 0.1142
1143 0.06996981674891692 0.1143
1144 0.06867001567556902 0.1144
1145 0.06736217603820079 0.1145
1146 0.06604516674271772 0.1146
1147 0.06472134028924212 0.1147
1148 0.06339034226752091 0.1148
1149 0.06205182830971287 0.1149
1150 0.06070581604957787 0.115
1151 0.05935213421170686 0.1151
1152 0.05799051638042912 0.1152
1153 0.05662137672416646 0.1153
1154 0.05524486430040243 0.1154
1155 0.05386160919501105 0.1155
1156 0.05247171321989329 0.1156
1157 0.05107458787883596 0.1157
1158 0.04967151116136731 0.1158
1159 0.04826078751212615 0.1159
1160 0.04684277256328597 0.116
1161 0.0454167886395697 0.1161
1162 0.04398253052425689 0.1162
1163 0.04254020438374057 0.1163
1164 0.04108975900135451 0.1164
1165 0.0396337434330356 0.1165
1166 0.03817184904833337 0.1166
1167 0.03670339360023342 0.1167
1168 0.03522765509238836 0.1168
1169 0.03374303921186292 0.1169
1170 0.03225269565849956 0.117
1171 0.03075530934585798 0.1171
1172 0.0292502607960004 0.1172
1173 0.02773740052133993 0.1173
1174 0.02621624203603846 0.1174
1175 0.02468761136389439 0.1175
1176 0.02315215065750548 0.1176
1177 0.02160901576681974 0.1177
1178 0.02005846418798499 0.1178
1179 0.01850194697804953 0.1179
1180 0.0169390582630139 0.118
1181 0.01537079175502005 0.1181
1182 0.01379561253971927 0.1182
1183 0.01221339730284808 0.1183
1184 0.01062471602469592 0.1184
1185 0.009030367728090669 0.1185
1186 0.007432726776761371 0.1186
1187 0.00582853253635993 0.1187
1188 0.004216109070697767 0.1188
1189 0.00259794687330546 0.1189
1190 0.000974099596767562 0.119
1191 -0.0006557815525104238 0.1191
1192 -0.002290303185196307 0.1192
1193 -0.003929987084706334 0.1193
1194 -0.005575772532083476 0.1194
1195 -0.007225840659161885 0.1195
1196 -0.00888153738915441 0.1196
1197 -0.01054255306035749 0.1197
1198 -0.0122080374916597 0.1198
1199 -0.01387910039212408 0.1199
1200 -0.01555687697678067 0.12
1201 -0.01723997320943184 0.1201
1202 -0.01892869846626702 0.1202
